  SectorMap1.cpp
c:\users\lcoca\onedrive\documents\github\gasiii_sound\set_trek\set_trek\sectormap1.cpp(100): warning C4244: 'argument': conversion from 'float' to 'int', possible loss of data
c:\users\lcoca\onedrive\documents\github\gasiii_sound\set_trek\set_trek\sectormap1.cpp(192): warning C4244: '=': conversion from 'double' to 'float', possible loss of data
c:\users\lcoca\onedrive\documents\github\gasiii_sound\set_trek\set_trek\sectormap1.cpp(176): warning C4101: 'result': unreferenced local variable
c:\users\lcoca\onedrive\documents\github\gasiii_sound\set_trek\set_trek\sectormap1.cpp(245): warning C4244: '=': conversion from 'float' to 'int', possible loss of data
c:\users\lcoca\onedrive\documents\github\gasiii_sound\set_trek\set_trek\sectormap1.cpp(246): warning C4244: '=': conversion from 'float' to 'int', possible loss of data
c:\users\lcoca\onedrive\documents\github\gasiii_sound\set_trek\set_trek\sectormap1.cpp(251): warning C4244: '=': conversion from 'float' to 'int', possible loss of data
c:\users\lcoca\onedrive\documents\github\gasiii_sound\set_trek\set_trek\sectormap1.cpp(252): warning C4244: '=': conversion from 'float' to 'int', possible loss of data
c:\users\lcoca\onedrive\documents\github\gasiii_sound\set_trek\set_trek\sectormap1.cpp(253): warning C4244: '=': conversion from 'double' to 'float', possible loss of data
c:\users\lcoca\onedrive\documents\github\gasiii_sound\set_trek\set_trek\sectormap1.cpp(254): warning C4244: '=': conversion from 'double' to 'int', possible loss of data
c:\users\lcoca\onedrive\documents\github\gasiii_sound\set_trek\set_trek\sectormap1.cpp(248): warning C4101: 'result': unreferenced local variable
c:\users\lcoca\onedrive\documents\github\gasiii_sound\set_trek\set_trek\sectormap1.cpp(326): warning C4244: '=': conversion from 'float' to 'int', possible loss of data
c:\users\lcoca\onedrive\documents\github\gasiii_sound\set_trek\set_trek\sectormap1.cpp(328): warning C4244: '=': conversion from 'float' to 'int', possible loss of data
c:\users\lcoca\onedrive\documents\github\gasiii_sound\set_trek\set_trek\sectormap1.cpp(327): warning C4101: 'shipLocationYinGrid': unreferenced local variable
c:\users\lcoca\onedrive\documents\github\gasiii_sound\set_trek\set_trek\sectormap1.cpp(325): warning C4101: 'shipLocationXinGrid': unreferenced local variable
c:\users\lcoca\onedrive\documents\github\gasiii_sound\set_trek\set_trek\sectormap1.cpp(347): warning C4244: '=': conversion from 'float' to 'int', possible loss of data
c:\users\lcoca\onedrive\documents\github\gasiii_sound\set_trek\set_trek\sectormap1.cpp(350): warning C4244: '=': conversion from 'float' to 'int', possible loss of data
c:\users\lcoca\onedrive\documents\github\gasiii_sound\set_trek\set_trek\sectormap1.cpp(377): warning C4552: '-': operator has no effect; expected operator with side-effect
c:\users\lcoca\onedrive\documents\github\gasiii_sound\set_trek\set_trek\sectormap1.cpp(402): warning C4244: '=': conversion from 'double' to 'int', possible loss of data
c:\users\lcoca\onedrive\documents\github\gasiii_sound\set_trek\set_trek\sectormap1.cpp(426): warning C4305: 'argument': truncation from 'double' to 'float'
c:\users\lcoca\onedrive\documents\github\gasiii_sound\set_trek\set_trek\sectormap1.cpp(427): warning C4305: 'argument': truncation from 'double' to 'float'
c:\users\lcoca\onedrive\documents\github\gasiii_sound\set_trek\set_trek\sectormap1.cpp(428): warning C4305: 'argument': truncation from 'double' to 'float'
c:\users\lcoca\onedrive\documents\github\gasiii_sound\set_trek\set_trek\sectormap1.cpp(429): warning C4305: 'argument': truncation from 'double' to 'float'
c:\users\lcoca\onedrive\documents\github\gasiii_sound\set_trek\set_trek\sectormap1.cpp(430): warning C4305: 'argument': truncation from 'double' to 'float'
c:\users\lcoca\onedrive\documents\github\gasiii_sound\set_trek\set_trek\sectormap1.cpp(431): warning C4305: 'argument': truncation from 'double' to 'float'
c:\users\lcoca\onedrive\documents\github\gasiii_sound\set_trek\set_trek\sectormap1.cpp(432): warning C4305: 'argument': truncation from 'double' to 'float'
c:\users\lcoca\onedrive\documents\github\gasiii_sound\set_trek\set_trek\sectormap1.cpp(701): warning C4244: 'argument': conversion from 'FLOAT' to 'int', possible loss of data
c:\users\lcoca\onedrive\documents\github\gasiii_sound\set_trek\set_trek\sectormap1.cpp(708): warning C4244: 'argument': conversion from 'FLOAT' to 'int', possible loss of data
c:\users\lcoca\onedrive\documents\github\gasiii_sound\set_trek\set_trek\sectormap1.cpp(727): warning C4244: 'argument': conversion from 'FLOAT' to 'int', possible loss of data
c:\users\lcoca\onedrive\documents\github\gasiii_sound\set_trek\set_trek\sectormap1.cpp(747): warning C4244: 'argument': conversion from 'FLOAT' to 'int', possible loss of data
c:\users\lcoca\onedrive\documents\github\gasiii_sound\set_trek\set_trek\sectormap1.cpp(755): warning C4244: 'argument': conversion from 'FLOAT' to 'int', possible loss of data
c:\users\lcoca\onedrive\documents\github\gasiii_sound\set_trek\set_trek\sectormap1.cpp(763): warning C4244: 'argument': conversion from 'FLOAT' to 'int', possible loss of data
  SET_Trek.vcxproj -> C:\Users\Lcoca\OneDrive\Documents\GitHub\GASIII_SOUND\SET_Trek\Debug\SET_Trek.exe
  SET_Trek.vcxproj -> C:\Users\Lcoca\OneDrive\Documents\GitHub\GASIII_SOUND\SET_Trek\Debug\SET_Trek.pdb (Full PDB)
